<?xml version="1.0" encoding="UTF-8"?>
<robot generator="Robot 6.1 (Python 3.11.3 on win32)" generated="20230623 16:35:40.934" rpa="false" schemaversion="4">
<suite id="s1" name="pythonProject" source="C:\Users\Administrateur\PycharmProjects\pythonProject">
<suite id="s1-s1" name="Testsuites" source="C:\Users\Administrateur\PycharmProjects\pythonProject\testsuites">
<suite id="s1-s1-s1" name="TS Gherkin" source="C:\Users\Administrateur\PycharmProjects\pythonProject\testsuites\TS_Gherkin">
<suite id="s1-s1-s1-s1" name="BDD ConnexionCaValide" source="C:\Users\Administrateur\PycharmProjects\pythonProject\testsuites\TS_Gherkin\BDD_ConnexionCaValide.robot">
<test id="s1-s1-s1-s1-t1" name="Connexion CA Valide" line="17">
<kw name="Given un utilisateur non connecte à CA">
<doc>Lancer l'url valide dans le navigateur chrome</doc>
<kw name="Log" library="BuiltIn">
<arg>"a user has a valid account"</arg>
<doc>Logs the given message with the given level.</doc>
<msg timestamp="20230623 16:35:41.131" level="INFO">"a user has a valid account"</msg>
<status status="PASS" starttime="20230623 16:35:41.131" endtime="20230623 16:35:41.131"/>
</kw>
<kw name="Open Browser" library="SeleniumLibrary">
<arg>browser=${BROWSER_CHROME}</arg>
<doc>Opens a new browser instance to the optional ``url``.</doc>
<msg timestamp="20230623 16:35:41.131" level="INFO">Opening browser 'chrome' to base url 'None'.</msg>
<status status="PASS" starttime="20230623 16:35:41.131" endtime="20230623 16:35:42.214"/>
</kw>
<kw name="Maximize Browser Window" library="SeleniumLibrary">
<doc>Maximizes current browser window.</doc>
<status status="PASS" starttime="20230623 16:35:42.214" endtime="20230623 16:35:42.327"/>
</kw>
<status status="PASS" starttime="20230623 16:35:41.131" endtime="20230623 16:35:42.327"/>
</kw>
<kw name="When lURL est lancee dans un navigateur">
<doc>BDD KDT</doc>
<kw name="Log" library="BuiltIn">
<arg>"lURL est lancee dans un navigateur"</arg>
<doc>Logs the given message with the given level.</doc>
<msg timestamp="20230623 16:35:42.329" level="INFO">"lURL est lancee dans un navigateur"</msg>
<status status="PASS" starttime="20230623 16:35:42.329" endtime="20230623 16:35:42.329"/>
</kw>
<kw name="Go To" library="SeleniumLibrary">
<arg>${URLCAVALIDE}</arg>
<doc>Navigates the current browser window to the provided ``url``.</doc>
<msg timestamp="20230623 16:35:42.329" level="INFO">Opening url 'http://credit-auto.qsiconseil.ma/'</msg>
<status status="PASS" starttime="20230623 16:35:42.329" endtime="20230623 16:35:43.132"/>
</kw>
<status status="PASS" starttime="20230623 16:35:42.328" endtime="20230623 16:35:43.132"/>
</kw>
<kw name="Then la page d'accueil de lapp CA est affichee">
<doc>BDD KDT</doc>
<kw name="Log" library="BuiltIn">
<arg>"la page d'accueil de lapp CA est affichee"</arg>
<doc>Logs the given message with the given level.</doc>
<msg timestamp="20230623 16:35:43.133" level="INFO">"la page d'accueil de lapp CA est affichee"</msg>
<status status="PASS" starttime="20230623 16:35:43.133" endtime="20230623 16:35:43.133"/>
</kw>
<kw name="Location Should Be" library="SeleniumLibrary">
<arg>${URLCAVALIDE}</arg>
<doc>Verifies that the current URL is exactly ``url``.</doc>
<msg timestamp="20230623 16:35:43.139" level="INFO">Current location is 'http://credit-auto.qsiconseil.ma/'.</msg>
<status status="PASS" starttime="20230623 16:35:43.133" endtime="20230623 16:35:43.139"/>
</kw>
<status status="PASS" starttime="20230623 16:35:43.132" endtime="20230623 16:35:43.139"/>
</kw>
<kw name="And licone Acces Credit Auto est dispo au centre de la page">
<doc>BDD KDT</doc>
<kw name="Log" library="BuiltIn">
<arg>"licone Acces Credit Auto est dispo au centre de la page"</arg>
<doc>Logs the given message with the given level.</doc>
<msg timestamp="20230623 16:35:43.139" level="INFO">"licone Acces Credit Auto est dispo au centre de la page"</msg>
<status status="PASS" starttime="20230623 16:35:43.139" endtime="20230623 16:35:43.140"/>
</kw>
<kw name="Wait Until Element Is Visible" library="SeleniumLibrary">
<arg>${LOC_BTNACCESCREDITAUTO}</arg>
<doc>Waits until the element ``locator`` is visible.</doc>
<status status="PASS" starttime="20230623 16:35:43.140" endtime="20230623 16:35:43.166"/>
</kw>
<kw name="Click Link" library="SeleniumLibrary">
<arg>${LOC_BTNACCESCREDITAUTO}</arg>
<doc>Clicks a link identified by ``locator``.</doc>
<msg timestamp="20230623 16:35:43.167" level="INFO">Clicking link '//*[@id="lnkAccesCreditAuto"]'.</msg>
<status status="PASS" starttime="20230623 16:35:43.166" endtime="20230623 16:35:43.756"/>
</kw>
<status status="PASS" starttime="20230623 16:35:43.139" endtime="20230623 16:35:43.756"/>
</kw>
<kw name="And les icones Credit Auto et Accueil sont dispo dans le bandeau menu de lapp">
<doc>BDD KDT</doc>
<kw name="Log" library="BuiltIn">
<arg>"les icones Credit Auto et Accueil sont dispo dans le bandeau menu de lapp"</arg>
<doc>Logs the given message with the given level.</doc>
<msg timestamp="20230623 16:35:43.758" level="INFO">"les icones Credit Auto et Accueil sont dispo dans le bandeau menu de lapp"</msg>
<status status="PASS" starttime="20230623 16:35:43.758" endtime="20230623 16:35:43.758"/>
</kw>
<kw name="Wait Until Element Is Visible" library="SeleniumLibrary">
<arg>${LOC_LNK_ACCUEIL}</arg>
<doc>Waits until the element ``locator`` is visible.</doc>
<status status="PASS" starttime="20230623 16:35:43.758" endtime="20230623 16:35:43.787"/>
</kw>
<kw name="Wait Until Element Is Visible" library="SeleniumLibrary">
<arg>${LOC_LNK_HOMECA}</arg>
<doc>Waits until the element ``locator`` is visible.</doc>
<status status="PASS" starttime="20230623 16:35:43.787" endtime="20230623 16:35:43.807"/>
</kw>
<kw name="Close Browser" library="SeleniumLibrary">
<doc>Closes the current browser.</doc>
<status status="PASS" starttime="20230623 16:35:43.807" endtime="20230623 16:35:45.894"/>
</kw>
<status status="PASS" starttime="20230623 16:35:43.757" endtime="20230623 16:35:45.895"/>
</kw>
<status status="PASS" starttime="20230623 16:35:41.130" endtime="20230623 16:35:45.896"/>
</test>
<status status="PASS" starttime="20230623 16:35:40.959" endtime="20230623 16:35:45.899"/>
</suite>
<status status="PASS" starttime="20230623 16:35:40.957" endtime="20230623 16:35:45.905"/>
</suite>
<status status="PASS" starttime="20230623 16:35:40.956" endtime="20230623 16:35:45.909"/>
</suite>
<status status="PASS" starttime="20230623 16:35:40.937" endtime="20230623 16:35:45.917"/>
</suite>
<statistics>
<total>
<stat pass="1" fail="0" skip="0">All Tests</stat>
</total>
<tag>
</tag>
<suite>
<stat pass="1" fail="0" skip="0" id="s1" name="pythonProject">pythonProject</stat>
<stat pass="1" fail="0" skip="0" id="s1-s1" name="Testsuites">pythonProject.Testsuites</stat>
<stat pass="1" fail="0" skip="0" id="s1-s1-s1" name="TS Gherkin">pythonProject.Testsuites.TS Gherkin</stat>
<stat pass="1" fail="0" skip="0" id="s1-s1-s1-s1" name="BDD ConnexionCaValide">pythonProject.Testsuites.TS Gherkin.BDD ConnexionCaValide</stat>
</suite>
</statistics>
<errors>
</errors>
</robot>
